<?xml version="1.0" encoding="UTF-8"?>
<!-- Generated by org.testng.reporters.JUnitReportReporter -->
<testsuite hostname="DESKTOP-6STPM54" failures="0" tests="1" name="test.test3_popupwindow" time="8.349" errors="0" timestamp="2021-08-08T01:35:48 IST" skipped="0">
  <testcase classname="test.test3_popupwindow" name="popupCheck" time="8.349"/>
  <system-out/>
</testsuite> <!-- test.test3_popupwindow -->
