<?xml version="1.0" encoding="UTF-8"?>
<!-- Generated by org.testng.reporters.JUnitReportReporter -->
<testsuite hostname="DESKTOP-6STPM54" failures="0" tests="1" name="test.AddToCart" time="8.146" errors="0" timestamp="2021-08-08T02:18:28 IST" skipped="0">
  <testcase classname="test.AddToCart" name="addToCartTest" time="8.146"/>
  <system-out/>
</testsuite> <!-- test.AddToCart -->
