<?xml version="1.0" encoding="UTF-8"?>
<!-- Generated by org.testng.reporters.JUnitReportReporter -->
<testsuite hostname="LAPTOP-IVDTKOOS" failures="0" tests="15" name="tests.TC01" time="1.895" errors="0" timestamp="2021-11-23T13:49:27 IST" skipped="0">
  <testcase classname="tests.TC01" name="verifyFirstNameTest" time="0.112"/>
  <system-out/>
  <testcase classname="tests.TC01" name="verifyLastNameTest" time="0.100"/>
  <system-out/>
  <testcase classname="tests.TC01" name="verifyAddressTest" time="0.133"/>
  <system-out/>
  <testcase classname="tests.TC01" name="verifyEmailTest" time="0.151"/>
  <system-out/>
  <testcase classname="tests.TC01" name="verifyMobileTest" time="0.098"/>
  <system-out/>
  <testcase classname="tests.TC01" name="verifyGenderTest" time="0.088"/>
  <system-out/>
  <testcase classname="tests.TC01" name="verifyHobbiesTest" time="0.098"/>
  <system-out/>
  <testcase classname="tests.TC01" name="verifyLanguageTest" time="0.173"/>
  <system-out/>
  <testcase classname="tests.TC01" name="verifySkillsTest" time="0.164"/>
  <system-out/>
  <testcase classname="tests.TC01" name="verifyCountryTest" time="0.144"/>
  <system-out/>
  <testcase classname="tests.TC01" name="verifyYearTest" time="0.180"/>
  <system-out/>
  <testcase classname="tests.TC01" name="verifyMonthTest" time="0.103"/>
  <system-out/>
  <testcase classname="tests.TC01" name="verifyDayTest" time="0.116"/>
  <system-out/>
  <testcase classname="tests.TC01" name="verifyPasswordTest" time="0.110"/>
  <system-out/>
  <testcase classname="tests.TC01" name="verifyConfirmPwdTest" time="0.125"/>
  <system-out/>
</testsuite> <!-- tests.TC01 -->
