<?xml version="1.0" encoding="UTF-8"?>
<!-- Generated by org.testng.reporters.JUnitReportReporter -->
<testsuite hostname="DESKTOP-6STPM54" failures="0" tests="1" name="test.Testecommerce" time="9.498" errors="0" timestamp="2021-08-08T00:38:08 IST" skipped="0">
  <testcase classname="test.Testecommerce" name="checkSorting" time="9.498"/>
  <system-out/>
</testsuite> <!-- test.Testecommerce -->
