<?xml version="1.0" encoding="UTF-8"?>
<!-- Generated by org.testng.reporters.JUnitReportReporter -->
<testsuite hostname="DESKTOP-6STPM54" failures="0" tests="1" name="test.addToCartClass" time="17.671" errors="0" timestamp="2021-08-08T01:25:12 IST" skipped="0">
  <testcase classname="test.addToCartClass" name="addToCartTest" time="17.671"/>
  <system-out/>
</testsuite> <!-- test.addToCartClass -->
