<?xml version="1.0" encoding="UTF-8"?>
<!-- Generated by org.testng.reporters.JUnitReportReporter -->
<testsuite hostname="DESKTOP-6STPM54" failures="0" tests="2" name="test.SortAndValueCheck" time="15.162" errors="0" timestamp="2021-08-08T02:18:28 IST" skipped="0">
  <testcase classname="test.SortAndValueCheck" name="checkSorting" time="10.711"/>
  <system-out/>
  <testcase classname="test.SortAndValueCheck" name="checkValue" time="4.451"/>
  <system-out/>
</testsuite> <!-- test.SortAndValueCheck -->
